OOF.File.LoadStartUp.Data(filename='bonemicro.oofdata')
OOF.Windows.Activity_Viewer()

from time import *
print "INITIAL", time()
OOF.Skeleton.New(name='skeleton', microstructure='Bn_326_ROI_0*.bmp', x_elements=10, y_elements=10, z_elements=10, skeleton_geometry=TetraSkeleton(arrangement='moderate',left_right_periodicity=False,top_bottom_periodicity=False,front_back_periodicity=False))
print "AFTER CREATION", time()
OOF.Skeleton.Modify(skeleton='Bn_326_ROI_0*.bmp:skeleton', modifier=Refine(targets=CheckHomogeneity(threshold=1),criterion=Unconditionally(),alpha=0.7))
print "AFTER REFINE 1", time()
OOF.Skeleton.Modify(skeleton='Bn_326_ROI_0*.bmp:skeleton', modifier=Refine(targets=CheckHomogeneity(threshold=0.95),criterion=Unconditionally(),alpha=0.7))
print "AFTER REFINE 2", time()
OOF.Skeleton.Modify(skeleton='Bn_326_ROI_0*.bmp:skeleton', modifier=SnapNodes(targets=SnapHeterogenous(threshold=0.90000000000000002),criterion=Unconditional(alpha=0.90000000000000002)))
print "AFTER SNAP 1", time()
OOF.Skeleton.Modify(skeleton='Bn_326_ROI_0*.bmp:skeleton', modifier=SnapNodes(targets=SnapHeterogenous(threshold=0.90000000000000002),criterion=Unconditional(alpha=0.90000000000000002)))
print "AFTER SNAP 2", time()
OOF.Skeleton.Modify(skeleton='Bn_326_ROI_0*.bmp:skeleton', modifier=SnapNodes(targets=SnapHeterogenous(threshold=0.90000000000000002),criterion=Unconditional(alpha=0.90000000000000002)))
print "AFTER SNAP 3", time()
OOF.Skeleton.PinNodes.Pin_Internal_Boundary_Nodes(skeleton='Bn_326_ROI_0*.bmp:skeleton')
print "AFTER PIN", time()
OOF.Skeleton.Modify(skeleton='Bn_326_ROI_0*.bmp:skeleton', modifier=Smooth(targets=AllNodes(),criterion=AverageEnergy(alpha=0.29999999999999999),T=0.0,iteration=FixedIteration(iterations=5)))
print "AFTER SMOOTH", time()
OOF.Skeleton.PinNodes.UnpinAll(skeleton='Bn_326_ROI_0*.bmp:skeleton')
print "AFTER UNPIN", time()
OOF.Skeleton.Modify(skeleton='Bn_326_ROI_0*.bmp:skeleton', modifier=Rationalize(targets=BadlyShapedElements(threshold=0.90000000000000002),criterion=AverageEnergy(alpha=0.29999999999999999),method=SpecificRationalization(rationalizers=[RemoveBadTetrahedra(acute_angle=15,obtuse_angle=150)])))
print "AFTER RATIONALIZE 1", time()
OOF.Skeleton.Modify(skeleton='Bn_326_ROI_0*.bmp:skeleton', modifier=Rationalize(targets=BadlyShapedElements(threshold=0.80000000000000004),criterion=AverageEnergy(alpha=0.29999999999999999),method=SpecificRationalization(rationalizers=[RemoveBadTetrahedra(acute_angle=15,obtuse_angle=150)])))
print "AFTER RATIONALIZE 2", time()
OOF.Skeleton.Modify(skeleton='Bn_326_ROI_0*.bmp:skeleton', modifier=Rationalize(targets=BadlyShapedElements(threshold=0.80000000000000004),criterion=AverageEnergy(alpha=0.29999999999999999),method=SpecificRationalization(rationalizers=[RemoveBadTetrahedra(acute_angle=15,obtuse_angle=150)])))
print "AFTER RATIONALIZE 3", time()
OOF.Skeleton.Modify(skeleton='Bn_326_ROI_0*.bmp:skeleton', modifier=SnapRefine(targets=CheckHomogeneity(threshold=0.9),criterion=Unconditionally(),min_distance=1,alpha=0.7))
print "AFTER SNAP REFINE", time()
OOF.Skeleton.Modify(skeleton='Bn_326_ROI_0*.bmp:skeleton', modifier=SnapNodes(targets=SnapHeterogenous(threshold=0.90000000000000002),criterion=Unconditional(alpha=0.90000000000000002)))
print "AFTER SNAP 1", time()
OOF.Skeleton.Modify(skeleton='Bn_326_ROI_0*.bmp:skeleton', modifier=SnapNodes(targets=SnapHeterogenous(threshold=0.90000000000000002),criterion=Unconditional(alpha=0.90000000000000002)))
print "AFTER SNAP 2", time()
OOF.Skeleton.Modify(skeleton='Bn_326_ROI_0*.bmp:skeleton', modifier=SnapNodes(targets=SnapHeterogenous(threshold=0.90000000000000002),criterion=Unconditional(alpha=0.90000000000000002)))
print "AFTER SNAP 3", time()
OOF.Skeleton.Modify(skeleton='Bn_326_ROI_0*.bmp:skeleton', modifier=SurfaceSmooth(targets=SelectedNodes(),criterion=AverageEnergy(alpha=0.29999999999999999),T=0.0,iteration=FixedIteration(iterations=30)))
print "AFTER SURFACE SMOOTH", time()

OOF.File.Save.Skeleton(filename='/Users/vrc/Desktop/bone/bigskel.oofdata', mode='w', format='ascii', skeleton='Bn_326_ROI_0*.bmp:skeleton')

